<?xml version="1.0" encoding="UTF-8" ?>
<testsuite tests="7" failures="0" name="com.qa.runner.TestRunner" time="0.007" errors="0" skipped="0">
  <properties>
[...]
</properties>
  <testcase classname="Scenario: Validate Free CRM Home Page Test" name="Given user opens browser" time="0.002"/>
  <testcase classname="Scenario: Validate Free CRM Home Page Test" name="Then user is on login page" time="0.003"/>
  <testcase classname="Scenario: Validate Free CRM Home Page Test" name="Then user log into application" time="0"/>
  <testcase classname="Scenario: Validate Free CRM Home Page Test" name="Then validate home page tile" time="0"/>
  <testcase classname="Scenario: Validate Free CRM Home Page Test" name="Then validate logged in username" time="0"/>
  <testcase classname="Scenario: Validate Free CRM Home Page Test" name="Then close the browser" time="0"/>
  <testcase classname="Scenario: Validate Free CRM Home Page Test" name="Scenario: Validate Free CRM Home Page Test" time="0.002"/>
</testsuite>