<?xml version="1.0" encoding="UTF-8"?>
<testng-results skipped="0" failed="0" ignored="0" total="0" passed="0">
  <reporter-output>
  </reporter-output>
  <suite name="Test Maven Suit" duration-ms="9" started-at="2018-10-09T07:19:28Z" finished-at="2018-10-09T07:19:28Z">
    <groups>
    </groups>
    <test name="Maven Testing" duration-ms="9" started-at="2018-10-09T07:19:28Z" finished-at="2018-10-09T07:19:28Z">
    </test> <!-- Maven Testing -->
  </suite> <!-- Test Maven Suit -->
</testng-results>
