<?xml version="1.0" encoding="UTF-8"?>
<testng-results skipped="0" failed="0" ignored="0" total="1" passed="1">
  <reporter-output>
  </reporter-output>
  <suite name="Free CRM Application" duration-ms="14638" started-at="2018-10-11T08:18:24Z" finished-at="2018-10-11T08:18:39Z">
    <groups>
      <group name="cucumber">
        <method signature="AbstractTestNGCucumberTests.feature(cucumber.api.testng.CucumberFeatureWrapper)[pri:0, instance:com.qa.runner.TestRunner@2ac273d3]" name="feature" class="cucumber.api.testng.AbstractTestNGCucumberTests"/>
      </group> <!-- cucumber -->
    </groups>
    <test name="Free CRM sanity Tests" duration-ms="14638" started-at="2018-10-11T08:18:24Z" finished-at="2018-10-11T08:18:39Z">
      <class name="com.qa.runner.TestRunner">
        <test-method status="PASS" signature="setUpClass()[pri:0, instance:com.qa.runner.TestRunner@2ac273d3]" name="setUpClass" is-config="true" duration-ms="179" started-at="2018-10-11T08:18:24Z" finished-at="2018-10-11T08:18:25Z">
          <reporter-output>
          </reporter-output>
        </test-method> <!-- setUpClass -->
        <test-method status="PASS" signature="feature(cucumber.api.testng.CucumberFeatureWrapper)[pri:0, instance:com.qa.runner.TestRunner@2ac273d3]" name="feature" duration-ms="14295" started-at="2018-10-11T08:18:25Z" description="Runs Cucumber Feature" data-provider="features" finished-at="2018-10-11T08:18:39Z">
          <params>
            <param index="0">
              <value>
                <![CDATA[Login into Free CRM Application]]>
              </value>
            </param>
          </params>
          <reporter-output>
          </reporter-output>
        </test-method> <!-- feature -->
        <test-method status="PASS" signature="tearDownClass()[pri:0, instance:com.qa.runner.TestRunner@2ac273d3]" name="tearDownClass" is-config="true" duration-ms="82" started-at="2018-10-11T08:18:39Z" finished-at="2018-10-11T08:18:39Z">
          <reporter-output>
          </reporter-output>
        </test-method> <!-- tearDownClass -->
      </class> <!-- com.qa.runner.TestRunner -->
    </test> <!-- Free CRM sanity Tests -->
  </suite> <!-- Free CRM Application -->
</testng-results>
